<?xml version="1.0" encoding="UTF-8"?>
<testng-results ignored="0" total="4" passed="4" failed="0" skipped="0">
  <reporter-output>
  </reporter-output>
  <suite started-at="2021-11-22T11:28:43 IST" name="Default suite" finished-at="2021-11-22T11:30:03 IST" duration-ms="80031">
    <groups>
      <group name="cucumber">
        <method signature="AbstractTestNGCucumberTests.runScenario(io.cucumber.testng.PickleWrapper,io.cucumber.testng.FeatureWrapper)[pri:0, instance:runner.TestRunner@2ddc9a9f]" name="runScenario" class="io.cucumber.testng.AbstractTestNGCucumberTests"/>
      </group> <!-- cucumber -->
    </groups>
    <test started-at="2021-11-22T11:28:43 IST" name="Default test" finished-at="2021-11-22T11:30:03 IST" duration-ms="80031">
      <class name="runner.TestRunner">
        <test-method is-config="true" signature="setUpClass(org.testng.ITestContext)[pri:0, instance:runner.TestRunner@2ddc9a9f]" started-at="2021-11-22T11:28:43 IST" name="setUpClass" finished-at="2021-11-22T11:28:44 IST" duration-ms="493" status="PASS">
          <params>
            <param index="0">
              <value>
                <![CDATA[org.testng.TestRunner@701bc94e]]>
              </value>
            </param>
          </params>
          <reporter-output>
          </reporter-output>
        </test-method> <!-- setUpClass -->
        <test-method signature="runScenario(io.cucumber.testng.PickleWrapper,io.cucumber.testng.FeatureWrapper)[pri:0, instance:runner.TestRunner@2ddc9a9f]" started-at="2021-11-22T11:28:44 IST" name="runScenario" description="Runs Cucumber Scenarios" data-provider="scenarios" finished-at="2021-11-22T11:29:07 IST" duration-ms="23732" status="PASS">
          <params>
            <param index="0">
              <value>
                <![CDATA["Test Validation"]]>
              </value>
            </param>
            <param index="1">
              <value>
                <![CDATA["Optional[Testing the Bigsmall]"]]>
              </value>
            </param>
          </params>
          <reporter-output>
          </reporter-output>
        </test-method> <!-- runScenario -->
        <test-method signature="runScenario(io.cucumber.testng.PickleWrapper,io.cucumber.testng.FeatureWrapper)[pri:0, instance:runner.TestRunner@2ddc9a9f]" started-at="2021-11-22T11:29:07 IST" name="runScenario" description="Runs Cucumber Scenarios" data-provider="scenarios" finished-at="2021-11-22T11:29:22 IST" duration-ms="14424" status="PASS">
          <params>
            <param index="0">
              <value>
                <![CDATA["Test Validation"]]>
              </value>
            </param>
            <param index="1">
              <value>
                <![CDATA["Optional[Testing the Bigsmall]"]]>
              </value>
            </param>
          </params>
          <reporter-output>
          </reporter-output>
        </test-method> <!-- runScenario -->
        <test-method signature="runScenario(io.cucumber.testng.PickleWrapper,io.cucumber.testng.FeatureWrapper)[pri:0, instance:runner.TestRunner@2ddc9a9f]" started-at="2021-11-22T11:29:22 IST" name="runScenario" description="Runs Cucumber Scenarios" data-provider="scenarios" finished-at="2021-11-22T11:29:43 IST" duration-ms="21161" status="PASS">
          <params>
            <param index="0">
              <value>
                <![CDATA["WishList Testing"]]>
              </value>
            </param>
            <param index="1">
              <value>
                <![CDATA["Optional[Testing the Bigsmall]"]]>
              </value>
            </param>
          </params>
          <reporter-output>
          </reporter-output>
        </test-method> <!-- runScenario -->
        <test-method signature="runScenario(io.cucumber.testng.PickleWrapper,io.cucumber.testng.FeatureWrapper)[pri:0, instance:runner.TestRunner@2ddc9a9f]" started-at="2021-11-22T11:29:43 IST" name="runScenario" description="Runs Cucumber Scenarios" data-provider="scenarios" finished-at="2021-11-22T11:30:03 IST" duration-ms="20113" status="PASS">
          <params>
            <param index="0">
              <value>
                <![CDATA["pincode checking"]]>
              </value>
            </param>
            <param index="1">
              <value>
                <![CDATA["Optional[Testing the Bigsmall]"]]>
              </value>
            </param>
          </params>
          <reporter-output>
          </reporter-output>
        </test-method> <!-- runScenario -->
        <test-method is-config="true" signature="tearDownClass()[pri:0, instance:runner.TestRunner@2ddc9a9f]" started-at="2021-11-22T11:30:03 IST" name="tearDownClass" finished-at="2021-11-22T11:30:03 IST" duration-ms="37" status="PASS">
          <reporter-output>
          </reporter-output>
        </test-method> <!-- tearDownClass -->
      </class> <!-- runner.TestRunner -->
    </test> <!-- Default test -->
  </suite> <!-- Default suite -->
</testng-results>
