<?xml version="1.0" encoding="UTF-8"?>
<testng-results ignored="0" total="4" passed="4" failed="0" skipped="0">
  <reporter-output>
  </reporter-output>
  <suite started-at="2021-11-21T23:12:29 IST" name="Default suite" finished-at="2021-11-21T23:13:50 IST" duration-ms="80428">
    <groups>
      <group name="cucumber">
        <method signature="AbstractTestNGCucumberTests.runScenario(io.cucumber.testng.PickleWrapper,io.cucumber.testng.FeatureWrapper)[pri:0, instance:runner.TestRunner@2ddc9a9f]" name="runScenario" class="io.cucumber.testng.AbstractTestNGCucumberTests"/>
      </group> <!-- cucumber -->
    </groups>
    <test started-at="2021-11-21T23:12:29 IST" name="Default test" finished-at="2021-11-21T23:13:50 IST" duration-ms="80428">
      <class name="runner.TestRunner">
        <test-method is-config="true" signature="setUpClass(org.testng.ITestContext)[pri:0, instance:runner.TestRunner@2ddc9a9f]" started-at="2021-11-21T23:12:29 IST" name="setUpClass" finished-at="2021-11-21T23:12:30 IST" duration-ms="498" status="PASS">
          <params>
            <param index="0">
              <value>
                <![CDATA[org.testng.TestRunner@701bc94e]]>
              </value>
            </param>
          </params>
          <reporter-output>
          </reporter-output>
        </test-method> <!-- setUpClass -->
        <test-method signature="runScenario(io.cucumber.testng.PickleWrapper,io.cucumber.testng.FeatureWrapper)[pri:0, instance:runner.TestRunner@2ddc9a9f]" started-at="2021-11-21T23:12:30 IST" name="runScenario" description="Runs Cucumber Scenarios" data-provider="scenarios" finished-at="2021-11-21T23:12:54 IST" duration-ms="23866" status="PASS">
          <params>
            <param index="0">
              <value>
                <![CDATA["Test Validation"]]>
              </value>
            </param>
            <param index="1">
              <value>
                <![CDATA["Optional[Testing the Bigsmall]"]]>
              </value>
            </param>
          </params>
          <reporter-output>
          </reporter-output>
        </test-method> <!-- runScenario -->
        <test-method signature="runScenario(io.cucumber.testng.PickleWrapper,io.cucumber.testng.FeatureWrapper)[pri:0, instance:runner.TestRunner@2ddc9a9f]" started-at="2021-11-21T23:12:54 IST" name="runScenario" description="Runs Cucumber Scenarios" data-provider="scenarios" finished-at="2021-11-21T23:13:10 IST" duration-ms="16196" status="PASS">
          <params>
            <param index="0">
              <value>
                <![CDATA["Test Validation"]]>
              </value>
            </param>
            <param index="1">
              <value>
                <![CDATA["Optional[Testing the Bigsmall]"]]>
              </value>
            </param>
          </params>
          <reporter-output>
          </reporter-output>
        </test-method> <!-- runScenario -->
        <test-method signature="runScenario(io.cucumber.testng.PickleWrapper,io.cucumber.testng.FeatureWrapper)[pri:0, instance:runner.TestRunner@2ddc9a9f]" started-at="2021-11-21T23:13:10 IST" name="runScenario" description="Runs Cucumber Scenarios" data-provider="scenarios" finished-at="2021-11-21T23:13:31 IST" duration-ms="21164" status="PASS">
          <params>
            <param index="0">
              <value>
                <![CDATA["WishList Testing"]]>
              </value>
            </param>
            <param index="1">
              <value>
                <![CDATA["Optional[Testing the Bigsmall]"]]>
              </value>
            </param>
          </params>
          <reporter-output>
          </reporter-output>
        </test-method> <!-- runScenario -->
        <test-method signature="runScenario(io.cucumber.testng.PickleWrapper,io.cucumber.testng.FeatureWrapper)[pri:0, instance:runner.TestRunner@2ddc9a9f]" started-at="2021-11-21T23:13:31 IST" name="runScenario" description="Runs Cucumber Scenarios" data-provider="scenarios" finished-at="2021-11-21T23:13:50 IST" duration-ms="18583" status="PASS">
          <params>
            <param index="0">
              <value>
                <![CDATA["pincode checking"]]>
              </value>
            </param>
            <param index="1">
              <value>
                <![CDATA["Optional[Testing the Bigsmall]"]]>
              </value>
            </param>
          </params>
          <reporter-output>
          </reporter-output>
        </test-method> <!-- runScenario -->
        <test-method is-config="true" signature="tearDownClass()[pri:0, instance:runner.TestRunner@2ddc9a9f]" started-at="2021-11-21T23:13:50 IST" name="tearDownClass" finished-at="2021-11-21T23:13:50 IST" duration-ms="32" status="PASS">
          <reporter-output>
          </reporter-output>
        </test-method> <!-- tearDownClass -->
      </class> <!-- runner.TestRunner -->
    </test> <!-- Default test -->
  </suite> <!-- Default suite -->
</testng-results>
